d:\game development\school project\allassignmentfinalversion\0118856_teena_neonshooter - copy\consoleapplication1\debug\vc141.pdb
d:\game development\school project\allassignmentfinalversion\0118856_teena_neonshooter - copy\consoleapplication1\debug\vc141.idb
d:\game development\school project\allassignmentfinalversion\0118856_teena_neonshooter - copy\consoleapplication1\debug\matrix.obj
d:\game development\school project\allassignmentfinalversion\0118856_teena_neonshooter - copy\consoleapplication1\debug\consoleapplication1.obj
d:\game development\school project\allassignmentfinalversion\0118856_teena_neonshooter - copy\debug\opengl audio visualizer by teena 0118856.ilk
d:\game development\school project\allassignmentfinalversion\0118856_teena_neonshooter - copy\debug\opengl audio visualizer by teena 0118856.exe
d:\game development\school project\allassignmentfinalversion\0118856_teena_neonshooter - copy\debug\opengl audio visualizer by teena 0118856.pdb
d:\game development\school project\allassignmentfinalversion\0118856_teena_neonshooter - copy\consoleapplication1\debug\collidegameobject.obj
d:\game development\school project\allassignmentfinalversion\0118856_teena_neonshooter - copy\consoleapplication1\debug\collision.obj
d:\game development\school project\allassignmentfinalversion\0118856_teena_neonshooter - copy\consoleapplication1\debug\gameobject.obj
d:\game development\school project\allassignmentfinalversion\0118856_teena_neonshooter - copy\consoleapplication1\debug\gui.obj
d:\game development\school project\allassignmentfinalversion\0118856_teena_neonshooter - copy\consoleapplication1\debug\myphoton.obj
d:\game development\school project\allassignmentfinalversion\0118856_teena_neonshooter - copy\consoleapplication1\debug\neonshooter.obj
d:\game development\school project\allassignmentfinalversion\0118856_teena_neonshooter - copy\consoleapplication1\debug\sprite.obj
d:\game development\school project\allassignmentfinalversion\0118856_teena_neonshooter - copy\consoleapplication1\debug\stb_image.obj
d:\game development\school project\allassignmentfinalversion\0118856_teena_neonshooter - copy\consoleapplication1\debug\tile.obj
d:\game development\school project\allassignmentfinalversion\0118856_teena_neonshooter - copy\consoleapplication1\debug\vector3.obj
d:\game development\school project\allassignmentfinalversion\0118856_teena_neonshooter - copy\consoleapplication1\debug\neonshooter.obj.enc
d:\game development\school project\allassignmentfinalversion\0118856_teena_neonshooter - copy\consoleapplication1\debug\opengl a.b7823f72.tlog\cl.command.1.tlog
d:\game development\school project\allassignmentfinalversion\0118856_teena_neonshooter - copy\consoleapplication1\debug\opengl a.b7823f72.tlog\cl.read.1.tlog
d:\game development\school project\allassignmentfinalversion\0118856_teena_neonshooter - copy\consoleapplication1\debug\opengl a.b7823f72.tlog\cl.write.1.tlog
d:\game development\school project\allassignmentfinalversion\0118856_teena_neonshooter - copy\consoleapplication1\debug\opengl a.b7823f72.tlog\link.command.1.tlog
d:\game development\school project\allassignmentfinalversion\0118856_teena_neonshooter - copy\consoleapplication1\debug\opengl a.b7823f72.tlog\link.read.1.tlog
d:\game development\school project\allassignmentfinalversion\0118856_teena_neonshooter - copy\consoleapplication1\debug\opengl a.b7823f72.tlog\link.write.1.tlog
